<?xml version="1.0" encoding="UTF-8"?>
<!-- Generated by org.testng.reporters.JUnitReportReporter -->
<testsuite hostname="DESKTOP-QNHJ5Q7" name="locatorExercise.HandleDropDowns" tests="2" failures="0" timestamp="30 Nov 2022 10:15:01 GMT" time="11.053" errors="0">
  <testcase name="verifyList2" time="3.316" classname="locatorExercise.HandleDropDowns"/>
  <testcase name="verifyList" time="7.737" classname="locatorExercise.HandleDropDowns"/>
</testsuite> <!-- locatorExercise.HandleDropDowns -->
