<?xml version="1.0" encoding="UTF-8"?>
<!-- Generated by org.testng.reporters.JUnitReportReporter -->
<testsuite hostname="DESKTOP-QNHJ5Q7" name="conditionalWaitExample.HiddenElementExample" tests="1" failures="0" timestamp="5 Dec 2022 10:51:16 GMT" time="15.167" errors="0">
  <testcase name="verifyTextBox" time="15.167" classname="conditionalWaitExample.HiddenElementExample"/>
</testsuite> <!-- conditionalWaitExample.HiddenElementExample -->
