<?xml version="1.0" encoding="UTF-8"?>
<!-- Generated by org.testng.reporters.JUnitReportReporter -->
<testsuite hostname="DESKTOP-QNHJ5Q7" name="Utilities.PriorityBasedAnnotations" tests="4" failures="0" timestamp="30 Nov 2022 09:16:58 GMT" time="0.000" errors="0">
  <testcase name="login" time="0.000" classname="Utilities.PriorityBasedAnnotations"/>
  <testcase name="addItems" time="0.000" classname="Utilities.PriorityBasedAnnotations"/>
  <testcase name="logout" time="0.000" classname="Utilities.PriorityBasedAnnotations"/>
  <testcase name="payment" time="0.000" classname="Utilities.PriorityBasedAnnotations"/>
</testsuite> <!-- Utilities.PriorityBasedAnnotations -->
