<?xml version="1.0" encoding="UTF-8"?>
<!-- Generated by org.testng.reporters.JUnitReportReporter -->
<testsuite hostname="DESKTOP-QNHJ5Q7" name="ddtExample.NOPCommApp" tests="3" failures="0" timestamp="7 Dec 2022 09:45:17 GMT" time="29.859" errors="0">
  <testcase name="verifyLoginFeatureWithInValid" time="10.411" classname="ddtExample.NOPCommApp"/>
  <testcase name="verifyLoginFeatureWithInValid" time="9.717" classname="ddtExample.NOPCommApp"/>
  <testcase name="verifyLoginFeatureWithInValid" time="9.731" classname="ddtExample.NOPCommApp"/>
</testsuite> <!-- ddtExample.NOPCommApp -->
