<?xml version="1.0" encoding="UTF-8"?>
<!-- Generated by org.testng.reporters.JUnitReportReporter -->
<testsuite hostname="DESKTOP-QNHJ5Q7" name="switchToPractice.LoginTest" tests="1" failures="0" timestamp="2 Dec 2022 09:26:37 GMT" time="0.000" errors="1">
  <testcase name="verifyLogin" time="0.000" classname="switchToPractice.LoginTest">
    <error type="org.testng.TestNGException" message="
Parameter &#039;ibm_br&#039; is required by @Configuration on method launchApp but has not been marked @Optional or defined
in C:\Users\Student\eclipse-workspace\testSample\switchTo.xml">
      <![CDATA[org.testng.TestNGException: 
Parameter 'ibm_br' is required by @Configuration on method launchApp but has not been marked @Optional or defined
in C:\Users\Student\eclipse-workspace\testSample\switchTo.xml
	at org.testng.internal.Parameters.createParameters(Parameters.java:154)
	at org.testng.internal.Parameters.createParameters(Parameters.java:361)
	at org.testng.internal.Parameters.createConfigurationParameters(Parameters.java:84)
	at org.testng.internal.Invoker.invokeConfigurations(Invoker.java:201)
	at org.testng.internal.Invoker.invokeConfigurations(Invoker.java:142)
	at org.testng.TestRunner.beforeRun(TestRunner.java:656)
	at org.testng.TestRunner.run(TestRunner.java:624)
	at org.testng.SuiteRunner.runTest(SuiteRunner.java:366)
	at org.testng.SuiteRunner.runSequentially(SuiteRunner.java:361)
	at org.testng.SuiteRunner.privateRun(SuiteRunner.java:319)
	at org.testng.SuiteRunner.run(SuiteRunner.java:268)
	at org.testng.SuiteRunnerWorker.runSuite(SuiteRunnerWorker.java:52)
	at org.testng.SuiteRunnerWorker.run(SuiteRunnerWorker.java:86)
	at org.testng.TestNG.runSuitesSequentially(TestNG.java:1244)
	at org.testng.TestNG.runSuitesLocally(TestNG.java:1169)
	at org.testng.TestNG.run(TestNG.java:1064)
	at org.testng.remote.RemoteTestNG.run(RemoteTestNG.java:113)
	at org.testng.remote.RemoteTestNG.initAndRun(RemoteTestNG.java:206)
	at org.testng.remote.RemoteTestNG.main(RemoteTestNG.java:177)
]]>
    </error>
  </testcase> <!-- verifyLogin -->
</testsuite> <!-- switchToPractice.LoginTest -->
