<?xml version="1.0" encoding="UTF-8"?>
<!-- Generated by org.testng.reporters.JUnitReportReporter -->
<testsuite hostname="DESKTOP-QNHJ5Q7" name="locatorExercise.HandleAlerts" tests="2" failures="0" timestamp="1 Dec 2022 08:52:20 GMT" time="12.485" errors="0">
  <testcase name="verifySimpleAlert" time="6.188" classname="locatorExercise.HandleAlerts"/>
  <testcase name="verifyConfirmAlert" time="6.297" classname="locatorExercise.HandleAlerts"/>
</testsuite> <!-- locatorExercise.HandleAlerts -->
