<?xml version="1.0" encoding="UTF-8"?>
<!-- Generated by org.testng.reporters.JUnitReportReporter -->
<testsuite hostname="DESKTOP-QNHJ5Q7" failures="0" tests="3" name="ddtExample.NOPCommApp" time="30.023" errors="0" timestamp="2022-12-08T02:43:22 PST" skipped="0">
  <testcase classname="ddtExample.NOPCommApp" name="verifyLoginFeatureWithInValid" time="9.742"/>
  <system-out/>
  <testcase classname="ddtExample.NOPCommApp" name="verifyLoginFeatureWithInValid" time="9.789"/>
  <system-out/>
  <testcase classname="ddtExample.NOPCommApp" name="verifyLoginFeatureWithInValid" time="10.492"/>
  <system-out/>
</testsuite> <!-- ddtExample.NOPCommApp -->
