<?xml version="1.0" encoding="UTF-8"?>
<!-- Generated by org.testng.reporters.JUnitReportReporter -->
<testsuite skipped="0" hostname="DESKTOP-QNHJ5Q7" name="crossBrowserTesting.LoginTest" tests="2" failures="0" timestamp="2022-12-01T01:59:14 PST" time="64.786" errors="0">
  <testcase name="verifyLogin" time="32.203" classname="crossBrowserTesting.LoginTest"/>
  <system-out/>
  <testcase name="verifyLogin" time="32.583" classname="crossBrowserTesting.LoginTest"/>
  <system-out/>
</testsuite> <!-- crossBrowserTesting.LoginTest -->
